<?xml version="1.0" encoding="UTF-8"?>
<testng-results ignored="0" total="3" passed="3" failed="0" skipped="0">
  <reporter-output>
  </reporter-output>
  <suite started-at="2023-05-13T18:11:46 EDT" name="TanuSuite" finished-at="2023-05-13T18:12:04 EDT" duration-ms="18019">
    <groups>
    </groups>
    <test started-at="2023-05-13T18:11:46 EDT" name="ChromeTesting" finished-at="2023-05-13T18:11:52 EDT" duration-ms="6146">
      <class name="com.TestNgChallenges.CrossBrowserTesting">
        <test-method is-config="true" signature="initialization(java.lang.String)[pri:0, instance:com.TestNgChallenges.CrossBrowserTesting@4d0f2471]" started-at="2023-05-13T18:11:46 EDT" name="initialization" finished-at="2023-05-13T18:11:47 EDT" duration-ms="1306" status="PASS">
          <params>
            <param index="0">
              <value>
                <![CDATA[Chrome]]>
              </value>
            </param>
          </params>
          <reporter-output>
          </reporter-output>
        </test-method> <!-- initialization -->
        <test-method signature="getLogIn()[pri:0, instance:com.TestNgChallenges.CrossBrowserTesting@4d0f2471]" started-at="2023-05-13T18:11:47 EDT" name="getLogIn" finished-at="2023-05-13T18:11:52 EDT" duration-ms="4739" status="PASS">
          <reporter-output>
          </reporter-output>
        </test-method> <!-- getLogIn -->
        <test-method is-config="true" signature="getCloseBrowser()[pri:0, instance:com.TestNgChallenges.CrossBrowserTesting@4d0f2471]" started-at="2023-05-13T18:11:52 EDT" name="getCloseBrowser" finished-at="2023-05-13T18:11:52 EDT" duration-ms="83" status="PASS">
          <reporter-output>
          </reporter-output>
        </test-method> <!-- getCloseBrowser -->
      </class> <!-- com.TestNgChallenges.CrossBrowserTesting -->
    </test> <!-- ChromeTesting -->
    <test started-at="2023-05-13T18:11:52 EDT" name="EdgeTesting" finished-at="2023-05-13T18:11:56 EDT" duration-ms="4266">
      <class name="com.TestNgChallenges.CrossBrowserTesting">
        <test-method is-config="true" signature="initialization(java.lang.String)[pri:0, instance:com.TestNgChallenges.CrossBrowserTesting@48aca48b]" started-at="2023-05-13T18:11:52 EDT" name="initialization" finished-at="2023-05-13T18:11:52 EDT" duration-ms="558" status="PASS">
          <params>
            <param index="0">
              <value>
                <![CDATA[Edge]]>
              </value>
            </param>
          </params>
          <reporter-output>
          </reporter-output>
        </test-method> <!-- initialization -->
        <test-method signature="getLogIn()[pri:0, instance:com.TestNgChallenges.CrossBrowserTesting@48aca48b]" started-at="2023-05-13T18:11:52 EDT" name="getLogIn" finished-at="2023-05-13T18:11:56 EDT" duration-ms="3553" status="PASS">
          <reporter-output>
          </reporter-output>
        </test-method> <!-- getLogIn -->
        <test-method is-config="true" signature="getCloseBrowser()[pri:0, instance:com.TestNgChallenges.CrossBrowserTesting@48aca48b]" started-at="2023-05-13T18:11:56 EDT" name="getCloseBrowser" finished-at="2023-05-13T18:11:56 EDT" duration-ms="153" status="PASS">
          <reporter-output>
          </reporter-output>
        </test-method> <!-- getCloseBrowser -->
      </class> <!-- com.TestNgChallenges.CrossBrowserTesting -->
    </test> <!-- EdgeTesting -->
    <test started-at="2023-05-13T18:11:56 EDT" name="FireFoxTesting" finished-at="2023-05-13T18:12:04 EDT" duration-ms="7598">
      <class name="com.TestNgChallenges.CrossBrowserTesting">
        <test-method is-config="true" signature="initialization(java.lang.String)[pri:0, instance:com.TestNgChallenges.CrossBrowserTesting@72e5a8e]" started-at="2023-05-13T18:11:56 EDT" name="initialization" finished-at="2023-05-13T18:11:58 EDT" duration-ms="1636" status="PASS">
          <params>
            <param index="0">
              <value>
                <![CDATA[Firefox]]>
              </value>
            </param>
          </params>
          <reporter-output>
          </reporter-output>
        </test-method> <!-- initialization -->
        <test-method signature="getLogIn()[pri:0, instance:com.TestNgChallenges.CrossBrowserTesting@72e5a8e]" started-at="2023-05-13T18:11:58 EDT" name="getLogIn" finished-at="2023-05-13T18:12:03 EDT" duration-ms="5369" status="PASS">
          <reporter-output>
          </reporter-output>
        </test-method> <!-- getLogIn -->
        <test-method is-config="true" signature="getCloseBrowser()[pri:0, instance:com.TestNgChallenges.CrossBrowserTesting@72e5a8e]" started-at="2023-05-13T18:12:03 EDT" name="getCloseBrowser" finished-at="2023-05-13T18:12:04 EDT" duration-ms="593" status="PASS">
          <reporter-output>
          </reporter-output>
        </test-method> <!-- getCloseBrowser -->
      </class> <!-- com.TestNgChallenges.CrossBrowserTesting -->
    </test> <!-- FireFoxTesting -->
  </suite> <!-- TanuSuite -->
</testng-results>
